<?xml version="1.0" encoding="UTF-8"?>
<!-- Generated by org.testng.reporters.JUnitReportReporter -->
<testsuite hostname="DESKTOP-CE9JQAE" failures="0" tests="1" name="com.WebTable.CapturingCompleteWebTableData1" time="13.545" errors="0" timestamp="2024-02-08T22:49:12 IST" skipped="0">
  <testcase classname="com.WebTable.CapturingCompleteWebTableData1" name="getting_CompleteWebTableData" time="13.545"/>
  <system-out/>
</testsuite> <!-- com.WebTable.CapturingCompleteWebTableData1 -->
