<?xml version="1.0" encoding="UTF-8"?>
<!-- Generated by org.testng.reporters.JUnitReportReporter -->
<testsuite hostname="DESKTOP-CE9JQAE" failures="0" tests="9" name="com.OrangeHRMApplication.AddEmployeeOperation" time="15.499" errors="0" timestamp="2024-02-09T18:30:12 IST" skipped="0">
  <testcase classname="com.OrangeHRMApplication.AddEmployeeOperation" name="logInPageTest" time="1.367"/>
  <system-out/>
  <testcase classname="com.OrangeHRMApplication.AddEmployeeOperation" name="logInTest" time="5.024"/>
  <system-out/>
  <testcase classname="com.OrangeHRMApplication.AddEmployeeOperation" name="homePageTest" time="0.341"/>
  <system-out/>
  <testcase classname="com.OrangeHRMApplication.AddEmployeeOperation" name="addEmployeeHomePageTest" time="2.244"/>
  <system-out/>
  <testcase classname="com.OrangeHRMApplication.AddEmployeeOperation" name="addEmployeeOperation" time="4.157"/>
  <system-out/>
  <testcase classname="com.OrangeHRMApplication.AddEmployeeOperation" name="personnelDetailsPageTest" time="0.092"/>
  <system-out/>
  <testcase classname="com.OrangeHRMApplication.AddEmployeeOperation" name="validatingEmployeeDetails" time="0.243"/>
  <system-out/>
  <testcase classname="com.OrangeHRMApplication.AddEmployeeOperation" name="logOutOperation" time="1.961"/>
  <system-out/>
  <testcase classname="com.OrangeHRMApplication.AddEmployeeOperation" name="logInPageTestAfterLogOut" time="0.070"/>
  <system-out/>
</testsuite> <!-- com.OrangeHRMApplication.AddEmployeeOperation -->
