<?xml version="1.0" encoding="UTF-8"?>
<!-- Generated by org.testng.reporters.JUnitReportReporter -->
<testsuite hostname="DESKTOP-CE9JQAE" failures="0" tests="5" name="com.OrangeHRMApplication.OrangeHRM_EmployeeList1" time="12.280" errors="0" timestamp="2024-02-14T22:23:56 IST" skipped="0">
  <testcase classname="com.OrangeHRMApplication.OrangeHRM_EmployeeList1" name="LogInPageTest" time="0.148"/>
  <system-out/>
  <testcase classname="com.OrangeHRMApplication.OrangeHRM_EmployeeList1" name="logInTest" time="2.150"/>
  <system-out/>
  <testcase classname="com.OrangeHRMApplication.OrangeHRM_EmployeeList1" name="orangeHRM_Print_EmployeeList" time="7.829"/>
  <system-out/>
  <testcase classname="com.OrangeHRMApplication.OrangeHRM_EmployeeList1" name="homePageTest" time="0.212"/>
  <system-out/>
  <testcase classname="com.OrangeHRMApplication.OrangeHRM_EmployeeList1" name="logOutTest" time="1.941"/>
  <system-out/>
</testsuite> <!-- com.OrangeHRMApplication.OrangeHRM_EmployeeList1 -->
