<?xml version="1.0" encoding="UTF-8"?>
<!-- Generated by org.testng.reporters.JUnitReportReporter -->
<testsuite hostname="DESKTOP-CE9JQAE" failures="0" tests="5" name="com.OrangeHRMApplication.OrangeHRM_EmployeeList" time="16.152" errors="0" timestamp="2024-02-12T14:28:36 IST" skipped="0">
  <testcase classname="com.OrangeHRMApplication.OrangeHRM_EmployeeList" name="LogInPageTest" time="0.235"/>
  <system-out/>
  <testcase classname="com.OrangeHRMApplication.OrangeHRM_EmployeeList" name="logInTest" time="2.711"/>
  <system-out/>
  <testcase classname="com.OrangeHRMApplication.OrangeHRM_EmployeeList" name="orangeHRM_Print_EmployeeList" time="11.030"/>
  <system-out/>
  <testcase classname="com.OrangeHRMApplication.OrangeHRM_EmployeeList" name="logOutTest" time="2.088"/>
  <system-out/>
  <testcase classname="com.OrangeHRMApplication.OrangeHRM_EmployeeList" name="logInPageTestAfterLogOut" time="0.088"/>
  <system-out/>
</testsuite> <!-- com.OrangeHRMApplication.OrangeHRM_EmployeeList -->
