<?xml version="1.0" encoding="UTF-8"?>
<!-- Generated by org.testng.reporters.JUnitReportReporter -->
<testsuite hostname="DESKTOP-CE9JQAE" failures="0" tests="11" name="com.OrangeHRMApplication.AddEmployeeTest" time="28.075" errors="0" timestamp="2024-02-16T19:21:44 IST" skipped="0">
  <testcase classname="com.OrangeHRMApplication.AddEmployeeTest" name="logInPageTest" time="0.896"/>
  <system-out/>
  <testcase classname="com.OrangeHRMApplication.AddEmployeeTest" name="logInTest" time="4.215"/>
  <system-out/>
  <testcase classname="com.OrangeHRMApplication.AddEmployeeTest" name="homePageTest" time="0.131"/>
  <system-out/>
  <testcase classname="com.OrangeHRMApplication.AddEmployeeTest" name="pimTest" time="0.373"/>
  <system-out/>
  <testcase classname="com.OrangeHRMApplication.AddEmployeeTest" name="pimAddEmployeeTest" time="1.359"/>
  <system-out/>
  <testcase classname="com.OrangeHRMApplication.AddEmployeeTest" name="AddEmployeeWebPageTest" time="0.061"/>
  <system-out/>
  <testcase classname="com.OrangeHRMApplication.AddEmployeeTest" name="AddEmployeeTest" time="18.534"/>
  <system-out/>
  <testcase classname="com.OrangeHRMApplication.AddEmployeeTest" name="personalDetailsWebPageTest" time="0.043"/>
  <system-out/>
  <testcase classname="com.OrangeHRMApplication.AddEmployeeTest" name="personalDetailsTest" time="0.373"/>
  <system-out/>
  <testcase classname="com.OrangeHRMApplication.AddEmployeeTest" name="logOutTest" time="1.798"/>
  <system-out/>
  <testcase classname="com.OrangeHRMApplication.AddEmployeeTest" name="logInPageTestAfterLogOut" time="0.292"/>
  <system-out/>
</testsuite> <!-- com.OrangeHRMApplication.AddEmployeeTest -->
