<?xml version="1.0" encoding="UTF-8"?>
<!-- Generated by org.testng.reporters.JUnitReportReporter -->
<testsuite hostname="DESKTOP-CE9JQAE" failures="0" tests="1" name="com.WebTable.WebTable_FirstRow_FirstRowOfCell_GetCityName" time="0.117" errors="0" timestamp="2024-02-08T22:37:53 IST" skipped="0">
  <testcase classname="com.WebTable.WebTable_FirstRow_FirstRowOfCell_GetCityName" name="webTable_GetCityName" time="0.117"/>
  <system-out/>
</testsuite> <!-- com.WebTable.WebTable_FirstRow_FirstRowOfCell_GetCityName -->
