<?xml version="1.0" encoding="UTF-8"?>
<!-- Generated by org.testng.reporters.JUnitReportReporter -->
<testsuite hostname="DESKTOP-CE9JQAE" failures="0" tests="5" name="com.OrangeHRMApplication.LogInTest1" time="6.435" errors="0" timestamp="2024-02-10T11:49:35 IST" skipped="0">
  <testcase classname="com.OrangeHRMApplication.LogInTest1" name="logInPageTest" time="1.576"/>
  <system-out/>
  <testcase classname="com.OrangeHRMApplication.LogInTest1" name="logInTest" time="2.650"/>
  <system-out/>
  <testcase classname="com.OrangeHRMApplication.LogInTest1" name="homePageTest" time="0.061"/>
  <system-out/>
  <testcase classname="com.OrangeHRMApplication.LogInTest1" name="logOutTest" time="2.087"/>
  <system-out/>
  <testcase classname="com.OrangeHRMApplication.LogInTest1" name="logInPageTestAfterLogOut" time="0.061"/>
  <system-out/>
</testsuite> <!-- com.OrangeHRMApplication.LogInTest1 -->
