<?xml version="1.0" encoding="UTF-8"?>
<!-- Generated by org.testng.reporters.JUnitReportReporter -->
<testsuite hostname="DESKTOP-CE9JQAE" failures="0" tests="5" name="com.OrangeHRMApplication.OrangeHRM_ApplicationTest" time="13.243" errors="0" timestamp="2024-02-13T14:48:38 IST" skipped="0">
  <testcase classname="com.OrangeHRMApplication.OrangeHRM_ApplicationTest" name="logInPageTest" time="2.140"/>
  <system-out/>
  <testcase classname="com.OrangeHRMApplication.OrangeHRM_ApplicationTest" name="logInTest" time="7.750"/>
  <system-out/>
  <testcase classname="com.OrangeHRMApplication.OrangeHRM_ApplicationTest" name="homePageTest" time="0.124"/>
  <system-out/>
  <testcase classname="com.OrangeHRMApplication.OrangeHRM_ApplicationTest" name="logOutTest" time="2.623"/>
  <system-out/>
  <testcase classname="com.OrangeHRMApplication.OrangeHRM_ApplicationTest" name="logInPageTestAfterLogOut" time="0.606"/>
  <system-out/>
</testsuite> <!-- com.OrangeHRMApplication.OrangeHRM_ApplicationTest -->
