<?xml version="1.0" encoding="UTF-8"?>
<!-- Generated by org.testng.reporters.JUnitReportReporter -->
<testsuite hostname="DESKTOP-CE9JQAE" failures="0" tests="1" name="com.WebTable.WebTable_FirstColumnData_ExportToExcel" time="5.910" errors="0" timestamp="2024-02-10T11:21:38 IST" skipped="0">
  <testcase classname="com.WebTable.WebTable_FirstColumnData_ExportToExcel" name="excel_ExportFirstColumnData" time="5.910"/>
  <system-out/>
</testsuite> <!-- com.WebTable.WebTable_FirstColumnData_ExportToExcel -->
