<?xml version="1.0" encoding="UTF-8"?>
<!-- Generated by org.testng.reporters.JUnitReportReporter -->
<testsuite hostname="DESKTOP-CE9JQAE" failures="0" tests="1" name="com.WebTable.CapturingDynamicWebTableData" time="5.521" errors="0" timestamp="2024-02-12T18:26:00 IST" skipped="0">
  <testcase classname="com.WebTable.CapturingDynamicWebTableData" name="getData_DynamicWebTable" time="5.521"/>
  <system-out/>
</testsuite> <!-- com.WebTable.CapturingDynamicWebTableData -->
