<?xml version="1.0" encoding="UTF-8"?>
<!-- Generated by org.testng.reporters.JUnitReportReporter -->
<testsuite hostname="DESKTOP-CE9JQAE" failures="0" tests="6" name="com.OrangeHRMApplication.Excel_OrangeHRMCompleteEmployeeList" time="40.092" errors="0" timestamp="2024-02-16T18:45:44 IST" skipped="0">
  <testcase classname="com.OrangeHRMApplication.Excel_OrangeHRMCompleteEmployeeList" name="logInPageTest" time="1.545"/>
  <system-out/>
  <testcase classname="com.OrangeHRMApplication.Excel_OrangeHRMCompleteEmployeeList" name="logInTest" time="2.652"/>
  <system-out/>
  <testcase classname="com.OrangeHRMApplication.Excel_OrangeHRMCompleteEmployeeList" name="homePageTest" time="0.089"/>
  <system-out/>
  <testcase classname="com.OrangeHRMApplication.Excel_OrangeHRMCompleteEmployeeList" name="orangeHRM_Print_EmployeeList" time="32.720"/>
  <system-out/>
  <testcase classname="com.OrangeHRMApplication.Excel_OrangeHRMCompleteEmployeeList" name="logOutTest" time="2.949"/>
  <system-out/>
  <testcase classname="com.OrangeHRMApplication.Excel_OrangeHRMCompleteEmployeeList" name="logInPageTestAfterLogOut" time="0.137"/>
  <system-out/>
</testsuite> <!-- com.OrangeHRMApplication.Excel_OrangeHRMCompleteEmployeeList -->
