<?xml version="1.0" encoding="UTF-8"?>
<!-- Generated by org.testng.reporters.JUnitReportReporter -->
<testsuite hostname="DESKTOP-CE9JQAE" failures="0" tests="1" name="com.WebTable.CapturingCompleteWebTableData" time="4.603" errors="0" timestamp="2024-02-08T22:02:20 IST" skipped="0">
  <testcase classname="com.WebTable.CapturingCompleteWebTableData" name="getting_CompleteWebTableData" time="4.603"/>
  <system-out/>
</testsuite> <!-- com.WebTable.CapturingCompleteWebTableData -->
