<?xml version="1.0" encoding="UTF-8"?>
<!-- Generated by org.testng.reporters.JUnitReportReporter -->
<testsuite hostname="DESKTOP-CE9JQAE" failures="0" tests="1" name="com.WebTable.DynamicWebTable_ExportExcel" time="8.081" errors="0" timestamp="2024-02-10T21:09:12 IST" skipped="0">
  <testcase classname="com.WebTable.DynamicWebTable_ExportExcel" name="excel_ExportWebTable" time="8.081"/>
  <system-out/>
</testsuite> <!-- com.WebTable.DynamicWebTable_ExportExcel -->
