<?xml version="1.0" encoding="UTF-8"?>
<!-- Generated by org.testng.reporters.JUnitReportReporter -->
<testsuite hostname="DESKTOP-CE9JQAE" failures="0" tests="1" name="com.Alert.Tsrtc_HandlingAlert" time="1.217" errors="0" timestamp="2024-02-12T18:58:57 IST" skipped="0">
  <testcase classname="com.Alert.Tsrtc_HandlingAlert" name="handlingAlert" time="1.217"/>
  <system-out/>
</testsuite> <!-- com.Alert.Tsrtc_HandlingAlert -->
