<?xml version="1.0" encoding="UTF-8"?>
<!-- Generated by org.testng.reporters.JUnitReportReporter -->
<testsuite hostname="DESKTOP-CE9JQAE" failures="0" tests="5" name="com.TestNG.Annatation1" time="0.030" errors="0" timestamp="2024-02-07T11:41:16 IST" skipped="1">
  <testcase classname="com.TestNG.Annatation1" name="logInTest" time="0.008"/>
  <system-out/>
  <testcase classname="com.TestNG.Annatation1" name="ComposeMailTest" time="0.006"/>
  <system-out/>
  <testcase classname="com.TestNG.Annatation1" name="inboxTest" time="0.005"/>
  <system-out/>
  <testcase classname="com.TestNG.Annatation1" name="sentMail" time="0.011"/>
  <system-out/>
  <testcase classname="com.TestNG.Annatation1" name="draftsTest">
    <skipped/>
  </testcase> <!-- draftsTest -->
  <system-out/>
</testsuite> <!-- com.TestNG.Annatation1 -->
