<?xml version="1.0" encoding="UTF-8"?>
<!-- Generated by org.testng.reporters.JUnitReportReporter -->
<testsuite hostname="DESKTOP-CE9JQAE" failures="0" tests="6" name="com.OrangeHRMApplication.OrangeHRM_AddMultipleEmployeeDetails" time="83.531" errors="0" timestamp="2024-02-16T22:23:55 IST" skipped="0">
  <testcase classname="com.OrangeHRMApplication.OrangeHRM_AddMultipleEmployeeDetails" name="logInPageTest" time="1.727"/>
  <system-out/>
  <testcase classname="com.OrangeHRMApplication.OrangeHRM_AddMultipleEmployeeDetails" name="logInTest" time="10.577"/>
  <system-out/>
  <testcase classname="com.OrangeHRMApplication.OrangeHRM_AddMultipleEmployeeDetails" name="homePageTest" time="0.347"/>
  <system-out/>
  <testcase classname="com.OrangeHRMApplication.OrangeHRM_AddMultipleEmployeeDetails" name="excel_AddMultipleEmployee" time="68.377"/>
  <system-out/>
  <testcase classname="com.OrangeHRMApplication.OrangeHRM_AddMultipleEmployeeDetails" name="logOutTest" time="2.092"/>
  <system-out/>
  <testcase classname="com.OrangeHRMApplication.OrangeHRM_AddMultipleEmployeeDetails" name="logInPageTestAfterLogOut" time="0.411"/>
  <system-out/>
</testsuite> <!-- com.OrangeHRMApplication.OrangeHRM_AddMultipleEmployeeDetails -->
