<?xml version="1.0" encoding="UTF-8"?>
<!-- Generated by org.testng.reporters.JUnitReportReporter -->
<testsuite hostname="DESKTOP-CE9JQAE" failures="0" tests="1" name="com.WebTable.FirstColumn_GetCityNames" time="1.940" errors="0" timestamp="2024-02-08T22:39:28 IST" skipped="0">
  <testcase classname="com.WebTable.FirstColumn_GetCityNames" name="firstColumnCityNames" time="1.940"/>
  <system-out/>
</testsuite> <!-- com.WebTable.FirstColumn_GetCityNames -->
