<?xml version="1.0" encoding="UTF-8"?>
<!-- Generated by org.testng.reporters.JUnitReportReporter -->
<testsuite hostname="DESKTOP-CE9JQAE" failures="0" tests="5" name="com.TestNG.Annatations" time="0.015" errors="0" timestamp="2024-02-07T11:39:16 IST" skipped="1">
  <testcase classname="com.TestNG.Annatations" name="logInTest" time="0.007"/>
  <system-out/>
  <testcase classname="com.TestNG.Annatations" name="ComposeMailTest" time="0.002"/>
  <system-out/>
  <testcase classname="com.TestNG.Annatations" name="inboxTest" time="0.003"/>
  <system-out/>
  <testcase classname="com.TestNG.Annatations" name="sentMail" time="0.003"/>
  <system-out/>
  <testcase classname="com.TestNG.Annatations" name="draftsTest">
    <skipped/>
  </testcase> <!-- draftsTest -->
  <system-out/>
</testsuite> <!-- com.TestNG.Annatations -->
