<?xml version="1.0" encoding="UTF-8"?>
<!-- Generated by org.testng.reporters.JUnitReportReporter -->
<testsuite hostname="DESKTOP-CE9JQAE" failures="0" tests="5" name="com.OHRMApplication.LogInTest" time="6.532" errors="0" timestamp="2024-02-17T14:25:11 IST" skipped="0">
  <testcase classname="com.OHRMApplication.LogInTest" name="LogInPageTest" time="0.151"/>
  <system-out/>
  <testcase classname="com.OHRMApplication.LogInTest" name="logInTest" time="2.804"/>
  <system-out/>
  <testcase classname="com.OHRMApplication.LogInTest" name="homePageTest" time="0.144"/>
  <system-out/>
  <testcase classname="com.OHRMApplication.LogInTest" name="AddEmployeeTest" time="1.284"/>
  <system-out/>
  <testcase classname="com.OHRMApplication.LogInTest" name="logOutTest" time="2.149"/>
  <system-out/>
</testsuite> <!-- com.OHRMApplication.LogInTest -->
