<?xml version="1.0" encoding="UTF-8"?>
<!-- Generated by org.testng.reporters.JUnitReportReporter -->
<testsuite hostname="DESKTOP-CE9JQAE" failures="0" tests="1" name="com.BaseTest.BaseTest" time="0.011" errors="0" timestamp="2024-02-15T21:28:21 IST" skipped="0">
  <testcase classname="com.BaseTest.BaseTest" name="test" time="0.011"/>
</testsuite> <!-- com.BaseTest.BaseTest -->
