<?xml version="1.0" encoding="UTF-8"?>
<!-- Generated by org.testng.reporters.JUnitReportReporter -->
<testsuite hostname="DESKTOP-CE9JQAE" failures="0" tests="2" name="com.RadioButtonsTesting.copy" time="14.350" errors="0" timestamp="2024-02-17T13:33:00 IST" skipped="0">
  <testcase classname="com.RadioButtonsTesting.copy" name="radioButtonsTesting" time="14.333"/>
  <testcase classname="com.RadioButtonsTesting.copy" name="test" time="0.017"/>
</testsuite> <!-- com.RadioButtonsTesting.copy -->
