<?xml version="1.0" encoding="UTF-8"?>
<!-- Generated by org.testng.reporters.JUnitReportReporter -->
<testsuite hostname="DESKTOP-CE9JQAE" failures="0" tests="2" name="com.RadioButtonsTesting.EchoEchoApplication_RadioButtonsTesting" time="7.168" errors="0" timestamp="2024-02-17T13:14:23 IST" skipped="0">
  <testcase classname="com.RadioButtonsTesting.EchoEchoApplication_RadioButtonsTesting" name="test" time="0.030"/>
  <testcase classname="com.RadioButtonsTesting.EchoEchoApplication_RadioButtonsTesting" name="group1RadioButtonsTesting" time="7.138"/>
</testsuite> <!-- com.RadioButtonsTesting.EchoEchoApplication_RadioButtonsTesting -->
